2025-03-17 02:19:30,592 - dataset_cleaner - INFO - Starting dataset cleaning process
2025-03-17 02:19:30,592 - dataset_cleaner - INFO - Using specified dataset: huggingface/dataset-inference-strawman
2025-03-17 02:19:30,592 - dataset_cleaner - INFO - Running in test mode with small sample
2025-03-17 02:19:30,924 - dataset_cleaner - ERROR - Error in test mode with HuggingFace dataset: Dataset 'huggingface/dataset-inference-strawman' doesn't exist on the Hub or cannot be accessed.
2025-03-17 02:19:30,924 - dataset_cleaner - ERROR - Dataset test loading failed, check dataset ID or permissions
2025-03-17 02:19:40,824 - dataset_cleaner - INFO - Starting dataset cleaning process
2025-03-17 02:19:40,824 - dataset_cleaner - INFO - Using specified dataset: cmu/mmnlu-dataset
2025-03-17 02:19:40,824 - dataset_cleaner - INFO - Running in test mode with small sample
2025-03-17 02:19:41,038 - dataset_cleaner - ERROR - Error in test mode with HuggingFace dataset: Dataset 'cmu/mmnlu-dataset' doesn't exist on the Hub or cannot be accessed.
2025-03-17 02:19:41,039 - dataset_cleaner - ERROR - Dataset test loading failed, check dataset ID or permissions
2025-03-17 02:19:51,416 - dataset_cleaner - INFO - Starting dataset cleaning process
2025-03-17 02:19:51,416 - dataset_cleaner - INFO - Using specified dataset: glue
2025-03-17 02:19:51,416 - dataset_cleaner - INFO - Starting full dataset processing
2025-03-17 02:19:51,417 - dataset_cleaner - INFO - Attempting to load dataset: glue
2025-03-17 02:19:51,417 - dataset_cleaner - INFO - Checking dataset integrity...
2025-03-17 02:19:54,058 - dataset_cleaner - ERROR - Error loading test dataset: Config name is missing.
Please pick one among the available configs: ['ax', 'cola', 'mnli', 'mnli_matched', 'mnli_mismatched', 'mrpc', 'qnli', 'qqp', 'rte', 'sst2', 'stsb', 'wnli']
Example of usage:
	`load_dataset('glue', 'ax')`
2025-03-17 02:19:54,058 - dataset_cleaner - INFO - Trying alternative dataset loading approach...
2025-03-17 02:19:55,273 - dataset_cleaner - ERROR - Alternative dataset loading also failed: Config name is missing.
Please pick one among the available configs: ['ax', 'cola', 'mnli', 'mnli_matched', 'mnli_mismatched', 'mrpc', 'qnli', 'qqp', 'rte', 'sst2', 'stsb', 'wnli']
Example of usage:
	`load_dataset('glue', 'ax')`
2025-03-17 02:19:55,274 - dataset_cleaner - ERROR - Error setting up dataset processing: Config name is missing.
Please pick one among the available configs: ['ax', 'cola', 'mnli', 'mnli_matched', 'mnli_mismatched', 'mrpc', 'qnli', 'qqp', 'rte', 'sst2', 'stsb', 'wnli']
Example of usage:
	`load_dataset('glue', 'ax')`
2025-03-17 02:19:55,280 - dataset_cleaner - ERROR - Traceback (most recent call last):
  File "/home/ath/clean_law_dataset/xml-html-parser.py", line 248, in process_dataset
    test_dataset = load_dataset(dataset_id, streaming=True, trust_remote_code=True)
                   ^^^^^^^^^^^^^^^^^^^^^^^^^^^^^^^^^^^^^^^^^^^^^^^^^^^^^^^^^^^^^^^^
  File "/home/ath/miniconda3/envs/sakana/lib/python3.12/site-packages/datasets/load.py", line 2061, in load_dataset
    builder_instance = load_dataset_builder(
                       ^^^^^^^^^^^^^^^^^^^^^
  File "/home/ath/miniconda3/envs/sakana/lib/python3.12/site-packages/datasets/load.py", line 1818, in load_dataset_builder
    builder_instance: DatasetBuilder = builder_cls(
                                       ^^^^^^^^^^^^
  File "/home/ath/miniconda3/envs/sakana/lib/python3.12/site-packages/datasets/builder.py", line 343, in __init__
    self.config, self.config_id = self._create_builder_config(
                                  ^^^^^^^^^^^^^^^^^^^^^^^^^^^^
  File "/home/ath/miniconda3/envs/sakana/lib/python3.12/site-packages/datasets/builder.py", line 555, in _create_builder_config
    raise ValueError(
ValueError: Config name is missing.
Please pick one among the available configs: ['ax', 'cola', 'mnli', 'mnli_matched', 'mnli_mismatched', 'mrpc', 'qnli', 'qqp', 'rte', 'sst2', 'stsb', 'wnli']
Example of usage:
	`load_dataset('glue', 'ax')`

During handling of the above exception, another exception occurred:

Traceback (most recent call last):
  File "/home/ath/clean_law_dataset/xml-html-parser.py", line 252, in process_dataset
    raise e
  File "/home/ath/clean_law_dataset/xml-html-parser.py", line 241, in process_dataset
    test_dataset = load_dataset(dataset_id, split="train[:2]", trust_remote_code=True)
                   ^^^^^^^^^^^^^^^^^^^^^^^^^^^^^^^^^^^^^^^^^^^^^^^^^^^^^^^^^^^^^^^^^^^
  File "/home/ath/miniconda3/envs/sakana/lib/python3.12/site-packages/datasets/load.py", line 2061, in load_dataset
    builder_instance = load_dataset_builder(
                       ^^^^^^^^^^^^^^^^^^^^^
  File "/home/ath/miniconda3/envs/sakana/lib/python3.12/site-packages/datasets/load.py", line 1818, in load_dataset_builder
    builder_instance: DatasetBuilder = builder_cls(
                                       ^^^^^^^^^^^^
  File "/home/ath/miniconda3/envs/sakana/lib/python3.12/site-packages/datasets/builder.py", line 343, in __init__
    self.config, self.config_id = self._create_builder_config(
                                  ^^^^^^^^^^^^^^^^^^^^^^^^^^^^
  File "/home/ath/miniconda3/envs/sakana/lib/python3.12/site-packages/datasets/builder.py", line 555, in _create_builder_config
    raise ValueError(
ValueError: Config name is missing.
Please pick one among the available configs: ['ax', 'cola', 'mnli', 'mnli_matched', 'mnli_mismatched', 'mrpc', 'qnli', 'qqp', 'rte', 'sst2', 'stsb', 'wnli']
Example of usage:
	`load_dataset('glue', 'ax')`

2025-03-17 02:19:55,280 - dataset_cleaner - INFO - Attempting fallback approach using local file samples...
2025-03-17 02:19:55,281 - dataset_cleaner - INFO - Created fallback sample data
2025-03-17 02:19:55,317 - dataset_cleaner - INFO - Saved 2 sample items to ./test_clean/sample_cleaned.json
2025-03-17 02:19:55,317 - dataset_cleaner - INFO - Successfully processed fallback sample data
2025-03-17 02:19:55,317 - dataset_cleaner - WARNING - Skipping normal batch processing due to dataset loading issues
2025-03-17 02:19:55,317 - dataset_cleaner - INFO - Uploading sample processed data to HuggingFace
2025-03-17 02:19:56,138 - huggingface_hub.hf_api - WARNING - No files have been modified since last commit. Skipping to prevent empty commit.
2025-03-17 02:19:56,203 - dataset_cleaner - INFO - Successfully uploaded to tinycrops/cleaned_american_law_sample
2025-03-17 02:19:56,203 - dataset_cleaner - INFO - Fallback processing completed in 0.89 seconds
2025-03-17 02:19:56,204 - dataset_cleaner - INFO - Processed 1 batches
2025-03-17 02:19:56,204 - dataset_cleaner - INFO - Uploaded 1 times
2025-03-17 02:19:56,205 - dataset_cleaner - INFO - Dataset cleaning completed
2025-03-17 02:20:05,778 - dataset_cleaner - INFO - Starting dataset cleaning process
2025-03-17 02:20:05,778 - dataset_cleaner - INFO - Using specified dataset: glue/sst2
2025-03-17 02:20:05,778 - dataset_cleaner - INFO - Running in test mode with small sample
2025-03-17 02:20:06,326 - dataset_cleaner - ERROR - Error in test mode with HuggingFace dataset: Dataset 'glue/sst2' doesn't exist on the Hub or cannot be accessed.
2025-03-17 02:20:06,326 - dataset_cleaner - ERROR - Dataset test loading failed, check dataset ID or permissions
2025-03-17 02:20:24,270 - dataset_cleaner - INFO - Starting dataset cleaning process
2025-03-17 02:20:24,270 - dataset_cleaner - INFO - Starting full dataset processing
2025-03-17 02:20:24,270 - dataset_cleaner - INFO - Attempting to load dataset: the-ride-never-ends/american_law
2025-03-17 02:20:24,270 - dataset_cleaner - INFO - Checking dataset integrity...
2025-03-17 02:20:37,221 - dataset_cleaner - ERROR - Error loading test dataset: An error occurred while generating the dataset
2025-03-17 02:20:37,222 - dataset_cleaner - INFO - Trying alternative dataset loading approach...
2025-03-17 02:20:40,046 - dataset_cleaner - INFO - Successfully connected to dataset in streaming mode
2025-03-17 02:20:41,319 - dataset_cleaner - INFO - Successfully initialized streaming dataset
2025-03-17 02:20:41,390 - huggingface_hub._login - WARNING - Note: Environment variable`HF_TOKEN` is set and is the current active token independently from the token you've just configured.
2025-03-17 02:20:41,391 - dataset_cleaner - INFO - Starting dataset processing with batch size 100 and 4 workers
2025-03-17 02:20:41,391 - dataset_cleaner - INFO - Starting to collect batches...
2025-03-17 02:20:42,796 - dataset_cleaner - INFO - Submitted 8 batches for processing
2025-03-17 02:20:42,801 - dataset_cleaner - INFO - Collected 10 batches so far
2025-03-17 02:20:43,308 - dataset_cleaner - INFO - Submitted 8 batches for processing
2025-03-17 02:20:43,648 - dataset_cleaner - INFO - Collected 20 batches so far
2025-03-17 02:20:43,649 - dataset_cleaner - INFO - Submitted 8 batches for processing
2025-03-17 02:20:44,400 - dataset_cleaner - INFO - Collected 30 batches so far
2025-03-17 02:20:44,401 - dataset_cleaner - INFO - Submitted 8 batches for processing
2025-03-17 02:20:45,079 - dataset_cleaner - INFO - Submitted 8 batches for processing
2025-03-17 02:20:45,080 - dataset_cleaner - INFO - Collected 40 batches so far
2025-03-17 02:20:45,084 - dataset_cleaner - INFO - Submitted 8 batches for processing
2025-03-17 02:20:45,396 - dataset_cleaner - INFO - Collected 50 batches so far
2025-03-17 02:20:45,670 - dataset_cleaner - INFO - Submitted 8 batches for processing
2025-03-17 02:20:45,978 - dataset_cleaner - INFO - Collected 60 batches so far
2025-03-17 02:20:46,544 - dataset_cleaner - INFO - Submitted 8 batches for processing
2025-03-17 02:20:46,868 - dataset_cleaner - INFO - Collected 70 batches so far
2025-03-17 02:20:46,869 - dataset_cleaner - INFO - Submitted 8 batches for processing
2025-03-17 02:20:47,203 - dataset_cleaner - INFO - Submitted 8 batches for processing
2025-03-17 02:20:47,204 - dataset_cleaner - INFO - Collected 80 batches so far
2025-03-17 02:20:47,772 - dataset_cleaner - INFO - Submitted 8 batches for processing
2025-03-17 02:20:47,773 - dataset_cleaner - INFO - Collected 90 batches so far
2025-03-17 02:20:48,127 - dataset_cleaner - INFO - Submitted 8 batches for processing
2025-03-17 02:20:48,777 - dataset_cleaner - INFO - Collected 100 batches so far
2025-03-17 02:20:49,110 - dataset_cleaner - INFO - Submitted 8 batches for processing
2025-03-17 02:20:49,505 - dataset_cleaner - INFO - Collected 110 batches so far
2025-03-17 02:20:49,664 - dataset_cleaner - INFO - Submitted 8 batches for processing
2025-03-17 02:20:49,954 - dataset_cleaner - INFO - Submitted 8 batches for processing
2025-03-17 02:20:49,954 - dataset_cleaner - INFO - Collected 120 batches so far
2025-03-17 02:20:50,399 - dataset_cleaner - INFO - Submitted 8 batches for processing
2025-03-17 02:20:50,741 - dataset_cleaner - INFO - Collected 130 batches so far
2025-03-17 02:20:50,743 - dataset_cleaner - INFO - Submitted 8 batches for processing
2025-03-17 02:20:51,268 - dataset_cleaner - INFO - Collected 140 batches so far
2025-03-17 02:20:51,269 - dataset_cleaner - INFO - Submitted 8 batches for processing
2025-03-17 02:20:51,775 - dataset_cleaner - INFO - Collected 150 batches so far
2025-03-17 02:20:51,776 - dataset_cleaner - INFO - Submitted 8 batches for processing
2025-03-17 02:20:52,118 - dataset_cleaner - INFO - Submitted 8 batches for processing
2025-03-17 02:20:52,119 - dataset_cleaner - INFO - Collected 160 batches so far
2025-03-17 02:20:52,952 - dataset_cleaner - INFO - Submitted 8 batches for processing
2025-03-17 02:20:52,954 - dataset_cleaner - INFO - Collected 170 batches so far
2025-03-17 02:20:53,665 - dataset_cleaner - INFO - Submitted 8 batches for processing
2025-03-17 02:20:53,666 - dataset_cleaner - INFO - Collected 180 batches so far
2025-03-17 02:20:53,667 - dataset_cleaner - INFO - Submitted 8 batches for processing
2025-03-17 02:20:53,669 - dataset_cleaner - INFO - Collected 190 batches so far
2025-03-17 02:20:53,670 - dataset_cleaner - INFO - Submitted 8 batches for processing
2025-03-17 02:20:55,037 - dataset_cleaner - INFO - Submitted 8 batches for processing
2025-03-17 02:20:55,319 - dataset_cleaner - INFO - Collected 200 batches so far
2025-03-17 02:20:55,710 - dataset_cleaner - INFO - Submitted 8 batches for processing
2025-03-17 02:20:56,100 - dataset_cleaner - INFO - Collected 210 batches so far
2025-03-17 02:20:56,386 - dataset_cleaner - INFO - Submitted 8 batches for processing
2025-03-17 02:20:56,388 - dataset_cleaner - INFO - Collected 220 batches so far
2025-03-17 02:20:56,729 - dataset_cleaner - INFO - Submitted 8 batches for processing
2025-03-17 02:20:57,051 - dataset_cleaner - INFO - Collected 230 batches so far
2025-03-17 02:20:57,052 - dataset_cleaner - INFO - Submitted 8 batches for processing
2025-03-17 02:20:58,171 - dataset_cleaner - INFO - Submitted 8 batches for processing
2025-03-17 02:20:58,173 - dataset_cleaner - INFO - Collected 240 batches so far
2025-03-17 02:20:58,522 - dataset_cleaner - INFO - Submitted 8 batches for processing
2025-03-17 02:20:58,523 - dataset_cleaner - INFO - Collected 250 batches so far
2025-03-17 02:20:59,349 - dataset_cleaner - INFO - Submitted 8 batches for processing
2025-03-17 02:20:59,350 - dataset_cleaner - INFO - Collected 260 batches so far
2025-03-17 02:20:59,820 - dataset_cleaner - INFO - Submitted 8 batches for processing
2025-03-17 02:21:00,163 - dataset_cleaner - INFO - Collected 270 batches so far
2025-03-17 02:21:00,573 - dataset_cleaner - INFO - Submitted 8 batches for processing
2025-03-17 02:21:00,875 - dataset_cleaner - INFO - Submitted 8 batches for processing
2025-03-17 02:21:00,876 - dataset_cleaner - INFO - Collected 280 batches so far
2025-03-17 02:21:02,058 - dataset_cleaner - INFO - Submitted 8 batches for processing
2025-03-17 02:21:02,059 - dataset_cleaner - INFO - Collected 290 batches so far
2025-03-17 02:21:02,369 - dataset_cleaner - INFO - Submitted 8 batches for processing
2025-03-17 02:21:02,665 - dataset_cleaner - INFO - Collected 300 batches so far
2025-03-17 02:21:03,005 - dataset_cleaner - INFO - Submitted 8 batches for processing
2025-03-17 02:21:03,599 - dataset_cleaner - INFO - Collected 310 batches so far
2025-03-17 02:21:03,600 - dataset_cleaner - INFO - Submitted 8 batches for processing
2025-03-17 02:21:03,887 - dataset_cleaner - INFO - Submitted 8 batches for processing
2025-03-17 02:21:03,887 - dataset_cleaner - INFO - Collected 320 batches so far
2025-03-17 02:21:04,670 - dataset_cleaner - INFO - Submitted 8 batches for processing
2025-03-17 02:21:04,670 - dataset_cleaner - INFO - Collected 330 batches so far
2025-03-17 02:21:05,186 - dataset_cleaner - INFO - Submitted 8 batches for processing
2025-03-17 02:21:05,535 - dataset_cleaner - INFO - Collected 340 batches so far
2025-03-17 02:21:05,536 - dataset_cleaner - INFO - Submitted 8 batches for processing
2025-03-17 02:21:06,150 - dataset_cleaner - INFO - Collected 350 batches so far
2025-03-17 02:21:06,150 - dataset_cleaner - INFO - Submitted 8 batches for processing
2025-03-17 02:21:07,396 - dataset_cleaner - INFO - Submitted 8 batches for processing
2025-03-17 02:21:07,402 - dataset_cleaner - INFO - Collected 360 batches so far
2025-03-17 02:21:07,694 - dataset_cleaner - INFO - Submitted 8 batches for processing
2025-03-17 02:21:08,009 - dataset_cleaner - INFO - Collected 370 batches so far
2025-03-17 02:21:08,011 - dataset_cleaner - INFO - Submitted 8 batches for processing
2025-03-17 02:21:08,342 - dataset_cleaner - INFO - Collected 380 batches so far
2025-03-17 02:21:08,343 - dataset_cleaner - INFO - Submitted 8 batches for processing
2025-03-17 02:21:08,637 - dataset_cleaner - INFO - Collected 390 batches so far
2025-03-17 02:21:08,638 - dataset_cleaner - INFO - Submitted 8 batches for processing
2025-03-17 02:21:08,995 - dataset_cleaner - INFO - Submitted 8 batches for processing
2025-03-17 02:21:08,995 - dataset_cleaner - INFO - Collected 400 batches so far
2025-03-17 02:21:09,337 - dataset_cleaner - INFO - Submitted 8 batches for processing
2025-03-17 02:21:09,650 - dataset_cleaner - INFO - Collected 410 batches so far
2025-03-17 02:21:09,651 - dataset_cleaner - INFO - Submitted 8 batches for processing
2025-03-17 02:21:10,002 - dataset_cleaner - INFO - Collected 420 batches so far
2025-03-17 02:21:10,344 - dataset_cleaner - INFO - Submitted 8 batches for processing
2025-03-17 02:21:10,655 - dataset_cleaner - INFO - Collected 430 batches so far
2025-03-17 02:21:10,656 - dataset_cleaner - INFO - Submitted 8 batches for processing
2025-03-17 02:21:11,315 - dataset_cleaner - INFO - Submitted 8 batches for processing
2025-03-17 02:21:11,315 - dataset_cleaner - INFO - Collected 440 batches so far
2025-03-17 02:21:11,317 - dataset_cleaner - INFO - Submitted 8 batches for processing
2025-03-17 02:21:11,670 - dataset_cleaner - INFO - Collected 450 batches so far
2025-03-17 02:21:11,671 - dataset_cleaner - INFO - Submitted 8 batches for processing
2025-03-17 02:21:11,674 - dataset_cleaner - INFO - Collected 460 batches so far
2025-03-17 02:21:11,675 - dataset_cleaner - INFO - Submitted 8 batches for processing
2025-03-17 02:21:12,314 - dataset_cleaner - INFO - Collected 470 batches so far
2025-03-17 02:21:12,317 - dataset_cleaner - INFO - Submitted 8 batches for processing
2025-03-17 02:21:12,826 - dataset_cleaner - INFO - Submitted 8 batches for processing
2025-03-17 02:21:12,826 - dataset_cleaner - INFO - Collected 480 batches so far
2025-03-17 02:21:12,828 - dataset_cleaner - INFO - Submitted 8 batches for processing
2025-03-17 02:21:12,829 - dataset_cleaner - INFO - Collected 490 batches so far
2025-03-17 02:21:12,831 - dataset_cleaner - INFO - Submitted 8 batches for processing
2025-03-17 02:21:12,833 - dataset_cleaner - INFO - Collected 500 batches so far
2025-03-17 02:21:13,287 - dataset_cleaner - INFO - Submitted 8 batches for processing
2025-03-17 02:21:13,289 - dataset_cleaner - INFO - Collected 510 batches so far
2025-03-17 02:21:13,289 - dataset_cleaner - INFO - Submitted 8 batches for processing
2025-03-17 02:21:13,975 - dataset_cleaner - INFO - Submitted 8 batches for processing
2025-03-17 02:21:13,976 - dataset_cleaner - INFO - Collected 520 batches so far
2025-03-17 02:21:14,360 - dataset_cleaner - INFO - Submitted 8 batches for processing
2025-03-17 02:21:14,361 - dataset_cleaner - INFO - Collected 530 batches so far
2025-03-17 02:21:14,710 - dataset_cleaner - INFO - Submitted 8 batches for processing
2025-03-17 02:21:15,055 - dataset_cleaner - INFO - Collected 540 batches so far
2025-03-17 02:21:15,352 - dataset_cleaner - INFO - Submitted 8 batches for processing
2025-03-17 02:21:16,071 - dataset_cleaner - INFO - Collected 550 batches so far
2025-03-17 02:21:16,072 - dataset_cleaner - INFO - Submitted 8 batches for processing
2025-03-17 02:21:16,827 - dataset_cleaner - INFO - Submitted 8 batches for processing
2025-03-17 02:21:17,169 - dataset_cleaner - INFO - Collected 560 batches so far
2025-03-17 02:21:17,869 - dataset_cleaner - INFO - Submitted 8 batches for processing
2025-03-17 02:21:17,870 - dataset_cleaner - INFO - Collected 570 batches so far
2025-03-17 02:21:18,557 - dataset_cleaner - INFO - Submitted 8 batches for processing
2025-03-17 02:21:18,558 - dataset_cleaner - INFO - Collected 580 batches so far
2025-03-17 02:21:19,514 - dataset_cleaner - INFO - Submitted 8 batches for processing
2025-03-17 02:21:20,334 - dataset_cleaner - INFO - Collected 590 batches so far
2025-03-17 02:21:20,337 - dataset_cleaner - INFO - Submitted 8 batches for processing
2025-03-17 02:21:20,938 - dataset_cleaner - INFO - Submitted 8 batches for processing
2025-03-17 02:21:20,939 - dataset_cleaner - INFO - Collected 600 batches so far
2025-03-17 02:21:22,129 - dataset_cleaner - INFO - Submitted 8 batches for processing
2025-03-17 02:21:22,132 - dataset_cleaner - INFO - Collected 610 batches so far
2025-03-17 02:21:22,504 - dataset_cleaner - INFO - Submitted 8 batches for processing
2025-03-17 02:21:23,496 - dataset_cleaner - INFO - Collected 620 batches so far
2025-03-17 02:21:23,498 - dataset_cleaner - INFO - Submitted 8 batches for processing
2025-03-17 02:21:23,909 - dataset_cleaner - INFO - Collected 630 batches so far
2025-03-17 02:21:23,909 - dataset_cleaner - INFO - Submitted 8 batches for processing
2025-03-17 02:21:24,395 - dataset_cleaner - INFO - Submitted 8 batches for processing
2025-03-17 02:21:24,946 - dataset_cleaner - INFO - Collected 640 batches so far
2025-03-17 02:21:25,693 - dataset_cleaner - INFO - Submitted 8 batches for processing
2025-03-17 02:21:25,694 - dataset_cleaner - INFO - Collected 650 batches so far
2025-03-17 02:21:26,072 - dataset_cleaner - INFO - Submitted 8 batches for processing
2025-03-17 02:21:26,455 - dataset_cleaner - INFO - Collected 660 batches so far
2025-03-17 02:21:26,456 - dataset_cleaner - INFO - Submitted 8 batches for processing
2025-03-17 02:21:26,458 - dataset_cleaner - INFO - Collected 670 batches so far
2025-03-17 02:21:26,625 - dataset_cleaner - INFO - Submitted 8 batches for processing
2025-03-17 02:21:27,625 - dataset_cleaner - INFO - Submitted 8 batches for processing
2025-03-17 02:21:27,625 - dataset_cleaner - INFO - Collected 680 batches so far
2025-03-17 02:21:27,972 - dataset_cleaner - INFO - Submitted 8 batches for processing
2025-03-17 02:21:27,973 - dataset_cleaner - INFO - Collected 690 batches so far
2025-03-17 02:21:28,721 - dataset_cleaner - INFO - Submitted 8 batches for processing
2025-03-17 02:21:28,722 - dataset_cleaner - INFO - Collected 700 batches so far
2025-03-17 02:21:29,219 - dataset_cleaner - INFO - Submitted 8 batches for processing
2025-03-17 02:21:29,221 - dataset_cleaner - INFO - Collected 710 batches so far
2025-03-17 02:21:29,222 - dataset_cleaner - INFO - Submitted 8 batches for processing
2025-03-17 02:21:29,925 - dataset_cleaner - INFO - Submitted 8 batches for processing
2025-03-17 02:21:30,276 - dataset_cleaner - INFO - Collected 720 batches so far
2025-03-17 02:21:30,277 - dataset_cleaner - INFO - Submitted 8 batches for processing
2025-03-17 02:21:30,607 - dataset_cleaner - INFO - Collected 730 batches so far
2025-03-17 02:21:31,269 - dataset_cleaner - INFO - Submitted 8 batches for processing
2025-03-17 02:21:31,556 - dataset_cleaner - INFO - Collected 740 batches so far
2025-03-17 02:21:32,041 - dataset_cleaner - INFO - Submitted 8 batches for processing
2025-03-17 02:21:32,354 - dataset_cleaner - INFO - Collected 750 batches so far
2025-03-17 02:21:32,355 - dataset_cleaner - INFO - Submitted 8 batches for processing
2025-03-17 02:21:32,995 - dataset_cleaner - INFO - Submitted 8 batches for processing
2025-03-17 02:21:32,996 - dataset_cleaner - INFO - Collected 760 batches so far
2025-03-17 02:21:33,666 - dataset_cleaner - INFO - Submitted 8 batches for processing
2025-03-17 02:21:33,667 - dataset_cleaner - INFO - Collected 770 batches so far
2025-03-17 02:21:34,022 - dataset_cleaner - INFO - Submitted 8 batches for processing
2025-03-17 02:21:34,023 - dataset_cleaner - INFO - Collected 780 batches so far
2025-03-17 02:21:34,322 - dataset_cleaner - INFO - Submitted 8 batches for processing
2025-03-17 02:21:34,324 - dataset_cleaner - INFO - Collected 790 batches so far
2025-03-17 02:21:34,634 - dataset_cleaner - INFO - Submitted 8 batches for processing
2025-03-17 02:21:34,983 - dataset_cleaner - INFO - Submitted 8 batches for processing
2025-03-17 02:21:34,983 - dataset_cleaner - INFO - Collected 800 batches so far
2025-03-17 02:21:35,261 - dataset_cleaner - INFO - Submitted 8 batches for processing
2025-03-17 02:21:35,262 - dataset_cleaner - INFO - Collected 810 batches so far
2025-03-17 02:21:35,580 - dataset_cleaner - INFO - Submitted 8 batches for processing
2025-03-17 02:21:35,581 - dataset_cleaner - INFO - Collected 820 batches so far
2025-03-17 02:21:35,976 - dataset_cleaner - INFO - Submitted 8 batches for processing
2025-03-17 02:21:36,343 - dataset_cleaner - INFO - Collected 830 batches so far
2025-03-17 02:21:36,343 - dataset_cleaner - INFO - Submitted 8 batches for processing
2025-03-17 02:21:37,426 - dataset_cleaner - INFO - Submitted 8 batches for processing
2025-03-17 02:21:37,426 - dataset_cleaner - INFO - Collected 840 batches so far
2025-03-17 02:21:37,723 - dataset_cleaner - INFO - Submitted 8 batches for processing
2025-03-17 02:21:37,724 - dataset_cleaner - INFO - Collected 850 batches so far
2025-03-17 02:21:38,631 - dataset_cleaner - INFO - Submitted 8 batches for processing
2025-03-17 02:21:39,132 - dataset_cleaner - INFO - Collected 860 batches so far
2025-03-17 02:21:39,133 - dataset_cleaner - INFO - Submitted 8 batches for processing
2025-03-17 02:21:39,760 - dataset_cleaner - INFO - Collected 870 batches so far
2025-03-17 02:21:39,761 - dataset_cleaner - INFO - Submitted 8 batches for processing
2025-03-17 02:21:41,290 - dataset_cleaner - INFO - Submitted 8 batches for processing
2025-03-17 02:21:41,291 - dataset_cleaner - INFO - Collected 880 batches so far
2025-03-17 02:21:41,617 - dataset_cleaner - INFO - Submitted 8 batches for processing
2025-03-17 02:21:41,950 - dataset_cleaner - INFO - Collected 890 batches so far
2025-03-17 02:21:41,951 - dataset_cleaner - INFO - Submitted 8 batches for processing
2025-03-17 02:21:42,344 - dataset_cleaner - INFO - Collected 900 batches so far
2025-03-17 02:21:42,345 - dataset_cleaner - INFO - Submitted 8 batches for processing
2025-03-17 02:21:43,141 - dataset_cleaner - INFO - Collected 910 batches so far
2025-03-17 02:21:43,142 - dataset_cleaner - INFO - Submitted 8 batches for processing
2025-03-17 02:21:43,470 - dataset_cleaner - INFO - Submitted 8 batches for processing
2025-03-17 02:21:43,471 - dataset_cleaner - INFO - Collected 920 batches so far
2025-03-17 02:21:43,853 - dataset_cleaner - INFO - Submitted 8 batches for processing
2025-03-17 02:21:43,854 - dataset_cleaner - INFO - Collected 930 batches so far
2025-03-17 02:21:44,249 - dataset_cleaner - INFO - Submitted 8 batches for processing
2025-03-17 02:21:44,836 - dataset_cleaner - INFO - Collected 940 batches so far
2025-03-17 02:21:46,146 - dataset_cleaner - INFO - Submitted 8 batches for processing
2025-03-17 02:21:46,994 - dataset_cleaner - INFO - Collected 950 batches so far
2025-03-17 02:21:46,994 - dataset_cleaner - INFO - Submitted 8 batches for processing
2025-03-17 02:21:47,342 - dataset_cleaner - INFO - Submitted 8 batches for processing
2025-03-17 02:21:47,343 - dataset_cleaner - INFO - Collected 960 batches so far
2025-03-17 02:21:47,750 - dataset_cleaner - INFO - Submitted 8 batches for processing
2025-03-17 02:21:47,751 - dataset_cleaner - INFO - Collected 970 batches so far
2025-03-17 02:21:48,500 - dataset_cleaner - INFO - Submitted 8 batches for processing
2025-03-17 02:21:48,834 - dataset_cleaner - INFO - Collected 980 batches so far
2025-03-17 02:21:48,835 - dataset_cleaner - INFO - Submitted 8 batches for processing
2025-03-17 02:21:49,157 - dataset_cleaner - INFO - Collected 990 batches so far
2025-03-17 02:21:49,158 - dataset_cleaner - INFO - Submitted 8 batches for processing
2025-03-17 02:21:49,475 - dataset_cleaner - INFO - Submitted 8 batches for processing
2025-03-17 02:21:49,476 - dataset_cleaner - INFO - Collected 1000 batches so far
2025-03-17 02:21:49,802 - dataset_cleaner - INFO - Submitted 8 batches for processing
2025-03-17 02:21:50,148 - dataset_cleaner - INFO - Collected 1010 batches so far
2025-03-17 02:21:50,150 - dataset_cleaner - INFO - Submitted 8 batches for processing
2025-03-17 02:21:54,506 - dataset_cleaner - INFO - Collected 1020 batches so far
2025-03-17 02:21:54,938 - dataset_cleaner - INFO - Submitted 8 batches for processing
2025-03-17 02:21:55,257 - dataset_cleaner - INFO - Collected 1030 batches so far
2025-03-17 02:21:55,260 - dataset_cleaner - INFO - Submitted 8 batches for processing
2025-03-17 02:21:55,593 - dataset_cleaner - INFO - Submitted 8 batches for processing
2025-03-17 02:21:55,593 - dataset_cleaner - INFO - Collected 1040 batches so far
2025-03-17 02:21:55,598 - dataset_cleaner - INFO - Submitted 8 batches for processing
2025-03-17 02:21:56,068 - dataset_cleaner - INFO - Collected 1050 batches so far
2025-03-17 02:21:56,395 - dataset_cleaner - INFO - Submitted 8 batches for processing
2025-03-17 02:21:56,396 - dataset_cleaner - INFO - Collected 1060 batches so far
2025-03-17 02:21:56,397 - dataset_cleaner - INFO - Submitted 8 batches for processing
2025-03-17 02:21:56,769 - dataset_cleaner - INFO - Collected 1070 batches so far
2025-03-17 02:21:56,770 - dataset_cleaner - INFO - Submitted 8 batches for processing
2025-03-17 02:21:56,773 - dataset_cleaner - INFO - Submitted 8 batches for processing
2025-03-17 02:21:56,773 - dataset_cleaner - INFO - Collected 1080 batches so far
2025-03-17 02:21:57,156 - dataset_cleaner - INFO - Submitted 8 batches for processing
2025-03-17 02:21:57,157 - dataset_cleaner - INFO - Collected 1090 batches so far
2025-03-17 02:21:58,379 - dataset_cleaner - INFO - Submitted 8 batches for processing
2025-03-17 02:21:58,380 - dataset_cleaner - INFO - Collected 1100 batches so far
2025-03-17 02:21:58,381 - dataset_cleaner - INFO - Submitted 8 batches for processing
2025-03-17 02:21:58,383 - dataset_cleaner - INFO - Collected 1110 batches so far
2025-03-17 02:21:58,384 - dataset_cleaner - INFO - Submitted 8 batches for processing
2025-03-17 02:21:59,244 - dataset_cleaner - INFO - Submitted 8 batches for processing
2025-03-17 02:21:59,245 - dataset_cleaner - INFO - Collected 1120 batches so far
2025-03-17 02:21:59,247 - dataset_cleaner - INFO - Submitted 8 batches for processing
2025-03-17 02:21:59,248 - dataset_cleaner - INFO - Collected 1130 batches so far
2025-03-17 02:21:59,578 - dataset_cleaner - INFO - Submitted 8 batches for processing
2025-03-17 02:22:00,227 - dataset_cleaner - INFO - Collected 1140 batches so far
2025-03-17 02:22:00,228 - dataset_cleaner - INFO - Submitted 8 batches for processing
2025-03-17 02:22:00,231 - dataset_cleaner - INFO - Collected 1150 batches so far
2025-03-17 02:22:00,232 - dataset_cleaner - INFO - Submitted 8 batches for processing
2025-03-17 02:22:00,612 - dataset_cleaner - INFO - Submitted 8 batches for processing
2025-03-17 02:22:00,940 - dataset_cleaner - INFO - Collected 1160 batches so far
2025-03-17 02:22:01,499 - dataset_cleaner - INFO - Submitted 8 batches for processing
2025-03-17 02:22:01,500 - dataset_cleaner - INFO - Collected 1170 batches so far
2025-03-17 02:22:01,501 - dataset_cleaner - INFO - Submitted 8 batches for processing
2025-03-17 02:22:01,503 - dataset_cleaner - INFO - Collected 1180 batches so far
2025-03-17 02:22:01,504 - dataset_cleaner - INFO - Submitted 8 batches for processing
2025-03-17 02:22:01,851 - dataset_cleaner - INFO - Collected 1190 batches so far
2025-03-17 02:22:01,854 - dataset_cleaner - INFO - Submitted 8 batches for processing
2025-03-17 02:22:01,857 - dataset_cleaner - INFO - Submitted 8 batches for processing
2025-03-17 02:22:01,858 - dataset_cleaner - INFO - Collected 1200 batches so far
2025-03-17 02:22:02,526 - dataset_cleaner - INFO - Submitted 8 batches for processing
2025-03-17 02:22:02,527 - dataset_cleaner - INFO - Collected 1210 batches so far
2025-03-17 02:22:03,451 - dataset_cleaner - INFO - Submitted 8 batches for processing
2025-03-17 02:22:03,453 - dataset_cleaner - INFO - Collected 1220 batches so far
2025-03-17 02:22:03,933 - dataset_cleaner - INFO - Submitted 8 batches for processing
2025-03-17 02:22:04,311 - dataset_cleaner - INFO - Collected 1230 batches so far
2025-03-17 02:22:05,152 - dataset_cleaner - INFO - Submitted 8 batches for processing
2025-03-17 02:22:05,154 - dataset_cleaner - INFO - Submitted 8 batches for processing
2025-03-17 02:22:05,155 - dataset_cleaner - INFO - Collected 1240 batches so far
2025-03-17 02:22:06,074 - dataset_cleaner - INFO - Submitted 8 batches for processing
2025-03-17 02:22:06,075 - dataset_cleaner - INFO - Collected 1250 batches so far
2025-03-17 02:22:06,416 - dataset_cleaner - INFO - Submitted 8 batches for processing
2025-03-17 02:22:06,729 - dataset_cleaner - INFO - Collected 1260 batches so far
2025-03-17 02:22:07,064 - dataset_cleaner - INFO - Submitted 8 batches for processing
2025-03-17 02:22:07,431 - dataset_cleaner - INFO - Collected 1270 batches so far
2025-03-17 02:22:07,431 - dataset_cleaner - INFO - Submitted 8 batches for processing
2025-03-17 02:22:07,804 - dataset_cleaner - INFO - Submitted 8 batches for processing
2025-03-17 02:22:07,805 - dataset_cleaner - INFO - Collected 1280 batches so far
2025-03-17 02:22:08,354 - dataset_cleaner - INFO - Submitted 8 batches for processing
2025-03-17 02:22:08,355 - dataset_cleaner - INFO - Collected 1290 batches so far
2025-03-17 02:22:08,356 - dataset_cleaner - INFO - Submitted 8 batches for processing
2025-03-17 02:22:08,666 - dataset_cleaner - INFO - Collected 1300 batches so far
2025-03-17 02:22:08,667 - dataset_cleaner - INFO - Submitted 8 batches for processing
2025-03-17 02:22:09,633 - dataset_cleaner - INFO - Collected 1310 batches so far
2025-03-17 02:22:09,634 - dataset_cleaner - INFO - Submitted 8 batches for processing
2025-03-17 02:22:10,060 - dataset_cleaner - INFO - Submitted 8 batches for processing
2025-03-17 02:22:10,064 - dataset_cleaner - INFO - Collected 1320 batches so far
2025-03-17 02:22:10,072 - dataset_cleaner - INFO - Submitted 8 batches for processing
2025-03-17 02:22:10,074 - dataset_cleaner - INFO - Collected 1330 batches so far
2025-03-17 02:22:10,078 - dataset_cleaner - INFO - Submitted 8 batches for processing
2025-03-17 02:22:10,873 - dataset_cleaner - INFO - Collected 1340 batches so far
2025-03-17 02:22:11,452 - dataset_cleaner - INFO - Submitted 8 batches for processing
2025-03-17 02:22:11,774 - dataset_cleaner - INFO - Collected 1350 batches so far
2025-03-17 02:22:11,775 - dataset_cleaner - INFO - Submitted 8 batches for processing
2025-03-17 02:22:12,136 - dataset_cleaner - INFO - Submitted 8 batches for processing
2025-03-17 02:22:12,137 - dataset_cleaner - INFO - Collected 1360 batches so far
2025-03-17 02:22:12,139 - dataset_cleaner - INFO - Submitted 8 batches for processing
2025-03-17 02:22:12,140 - dataset_cleaner - INFO - Collected 1370 batches so far
2025-03-17 02:22:12,142 - dataset_cleaner - INFO - Submitted 8 batches for processing
2025-03-17 02:22:12,501 - dataset_cleaner - INFO - Collected 1380 batches so far
2025-03-17 02:22:12,502 - dataset_cleaner - INFO - Submitted 8 batches for processing
2025-03-17 02:22:12,878 - dataset_cleaner - INFO - Collected 1390 batches so far
2025-03-17 02:22:13,230 - dataset_cleaner - INFO - Submitted 8 batches for processing
2025-03-17 02:22:13,583 - dataset_cleaner - INFO - Submitted 8 batches for processing
2025-03-17 02:22:13,584 - dataset_cleaner - INFO - Collected 1400 batches so far
2025-03-17 02:22:13,587 - dataset_cleaner - INFO - Submitted 8 batches for processing
2025-03-17 02:22:13,932 - dataset_cleaner - INFO - Collected 1410 batches so far
2025-03-17 02:22:14,217 - dataset_cleaner - INFO - Submitted 8 batches for processing
2025-03-17 02:22:14,218 - dataset_cleaner - INFO - Collected 1420 batches so far
2025-03-17 02:22:14,597 - dataset_cleaner - INFO - Submitted 8 batches for processing
2025-03-17 02:22:14,969 - dataset_cleaner - INFO - Collected 1430 batches so far
2025-03-17 02:22:14,970 - dataset_cleaner - INFO - Submitted 8 batches for processing
2025-03-17 02:22:15,338 - dataset_cleaner - INFO - Submitted 8 batches for processing
2025-03-17 02:22:15,339 - dataset_cleaner - INFO - Collected 1440 batches so far
2025-03-17 02:22:15,670 - dataset_cleaner - INFO - Submitted 8 batches for processing
2025-03-17 02:22:16,067 - dataset_cleaner - INFO - Collected 1450 batches so far
2025-03-17 02:22:16,427 - dataset_cleaner - INFO - Submitted 8 batches for processing
2025-03-17 02:22:16,800 - dataset_cleaner - INFO - Collected 1460 batches so far
2025-03-17 02:22:16,801 - dataset_cleaner - INFO - Submitted 8 batches for processing
2025-03-17 02:22:17,927 - dataset_cleaner - INFO - Collected 1470 batches so far
2025-03-17 02:22:18,222 - dataset_cleaner - INFO - Submitted 8 batches for processing
2025-03-17 02:22:18,504 - dataset_cleaner - INFO - Submitted 8 batches for processing
2025-03-17 02:22:18,504 - dataset_cleaner - INFO - Collected 1480 batches so far
2025-03-17 02:22:18,849 - dataset_cleaner - INFO - Submitted 8 batches for processing
2025-03-17 02:22:19,155 - dataset_cleaner - INFO - Collected 1490 batches so far
2025-03-17 02:22:19,157 - dataset_cleaner - INFO - Submitted 8 batches for processing
2025-03-17 02:22:19,424 - dataset_cleaner - INFO - Collected 1500 batches so far
2025-03-17 02:22:19,763 - dataset_cleaner - INFO - Submitted 8 batches for processing
2025-03-17 02:22:20,084 - dataset_cleaner - INFO - Collected 1510 batches so far
2025-03-17 02:22:20,084 - dataset_cleaner - INFO - Submitted 8 batches for processing
2025-03-17 02:22:21,084 - dataset_cleaner - INFO - Submitted 8 batches for processing
2025-03-17 02:22:21,084 - dataset_cleaner - INFO - Collected 1520 batches so far
2025-03-17 02:22:21,988 - dataset_cleaner - INFO - Submitted 8 batches for processing
2025-03-17 02:22:22,316 - dataset_cleaner - INFO - Collected 1530 batches so far
2025-03-17 02:22:22,318 - dataset_cleaner - INFO - Submitted 8 batches for processing
2025-03-17 02:22:22,642 - dataset_cleaner - INFO - Collected 1540 batches so far
2025-03-17 02:22:23,041 - dataset_cleaner - INFO - Submitted 8 batches for processing
2025-03-17 02:22:23,043 - dataset_cleaner - INFO - Collected 1550 batches so far
2025-03-17 02:22:23,353 - dataset_cleaner - INFO - Submitted 8 batches for processing
2025-03-17 02:22:23,998 - dataset_cleaner - INFO - Submitted 8 batches for processing
2025-03-17 02:22:23,999 - dataset_cleaner - INFO - Collected 1560 batches so far
2025-03-17 02:22:24,887 - dataset_cleaner - INFO - Submitted 8 batches for processing
2025-03-17 02:22:24,888 - dataset_cleaner - INFO - Collected 1570 batches so far
2025-03-17 02:22:26,171 - dataset_cleaner - INFO - Submitted 8 batches for processing
2025-03-17 02:22:26,490 - dataset_cleaner - INFO - Collected 1580 batches so far
2025-03-17 02:22:26,491 - dataset_cleaner - INFO - Submitted 8 batches for processing
2025-03-17 02:22:26,855 - dataset_cleaner - INFO - Collected 1590 batches so far
2025-03-17 02:22:26,855 - dataset_cleaner - INFO - Submitted 8 batches for processing
2025-03-17 02:22:27,226 - dataset_cleaner - INFO - Submitted 8 batches for processing
2025-03-17 02:22:27,720 - dataset_cleaner - INFO - Collected 1600 batches so far
2025-03-17 02:22:27,722 - dataset_cleaner - INFO - Submitted 8 batches for processing
2025-03-17 02:22:27,723 - dataset_cleaner - INFO - Collected 1610 batches so far
2025-03-17 02:22:28,544 - dataset_cleaner - INFO - Submitted 8 batches for processing
2025-03-17 02:22:28,929 - dataset_cleaner - INFO - Collected 1620 batches so far
2025-03-17 02:22:28,930 - dataset_cleaner - INFO - Submitted 8 batches for processing
2025-03-17 02:22:29,328 - dataset_cleaner - INFO - Collected 1630 batches so far
2025-03-17 02:22:29,328 - dataset_cleaner - INFO - Submitted 8 batches for processing
2025-03-17 02:22:29,331 - dataset_cleaner - INFO - Submitted 8 batches for processing
2025-03-17 02:22:29,331 - dataset_cleaner - INFO - Collected 1640 batches so far
2025-03-17 02:22:30,055 - dataset_cleaner - INFO - Submitted 8 batches for processing
2025-03-17 02:22:30,056 - dataset_cleaner - INFO - Collected 1650 batches so far
2025-03-17 02:22:30,383 - dataset_cleaner - INFO - Submitted 8 batches for processing
2025-03-17 02:22:30,727 - dataset_cleaner - INFO - Collected 1660 batches so far
2025-03-17 02:22:31,013 - dataset_cleaner - INFO - Submitted 8 batches for processing
2025-03-17 02:22:31,792 - dataset_cleaner - INFO - Collected 1670 batches so far
2025-03-17 02:22:32,170 - dataset_cleaner - INFO - Submitted 8 batches for processing
2025-03-17 02:22:32,598 - dataset_cleaner - INFO - Submitted 8 batches for processing
2025-03-17 02:22:32,599 - dataset_cleaner - INFO - Collected 1680 batches so far
2025-03-17 02:22:32,894 - dataset_cleaner - INFO - Submitted 8 batches for processing
2025-03-17 02:22:33,235 - dataset_cleaner - INFO - Collected 1690 batches so far
2025-03-17 02:22:33,236 - dataset_cleaner - INFO - Submitted 8 batches for processing
