2025-03-17 19:36:07,688 - legal_document_generator - INFO - Starting legal document generation
2025-03-17 19:36:07,689 - legal_document_generator - INFO - Loading data from processed_data
2025-03-17 19:36:07,690 - legal_document_generator - INFO - Found 109 parquet files
2025-03-17 19:36:10,097 - legal_document_generator - INFO - Loaded 541700 rows from 109 files
2025-03-17 19:36:10,306 - legal_document_generator - INFO - Removed 91058 blank rows, 450642 rows remaining
2025-03-17 19:36:10,427 - legal_document_generator - INFO - Found 432191 unique document IDs
2025-03-17 19:36:10,427 - legal_document_generator - INFO - Sampling 100 documents
2025-03-17 19:36:10,427 - legal_document_generator - ERROR - Error generating documents: name 'np' is not defined
Traceback (most recent call last):
  File "/home/ath/clean_law_dataset/legal-document-generator.py", line 374, in main
    generator.generate_documents(sample_size=100)
  File "/home/ath/clean_law_dataset/legal-document-generator.py", line 298, in generate_documents
    doc_ids = np.random.choice(doc_ids, size=sample_size, replace=False)
              ^^
NameError: name 'np' is not defined
2025-03-17 19:36:10,525 - legal_document_generator - INFO - Document generation complete
2025-03-17 19:36:38,702 - legal_document_generator - INFO - Starting legal document generation
2025-03-17 19:36:38,702 - legal_document_generator - INFO - Loading data from processed_data
2025-03-17 19:36:38,703 - legal_document_generator - INFO - Found 109 parquet files
2025-03-17 19:36:41,187 - legal_document_generator - INFO - Loaded 541700 rows from 109 files
2025-03-17 19:36:41,386 - legal_document_generator - INFO - Removed 91058 blank rows, 450642 rows remaining
2025-03-17 19:36:41,504 - legal_document_generator - INFO - Found 432191 unique document IDs
2025-03-17 19:36:41,504 - legal_document_generator - INFO - Sampling 100 documents
2025-03-17 19:36:41,525 - legal_document_generator - INFO - Creating document hierarchy
2025-03-17 19:36:41,609 - legal_document_generator - INFO - Analyzing document relationships
2025-03-17 19:36:41,610 - legal_document_generator - INFO - Generating documents
2025-03-17 19:36:41,628 - legal_document_generator - INFO - Generating document index
2025-03-17 19:36:41,630 - legal_document_generator - INFO - Generated 100 documents in generated_documents
2025-03-17 19:36:41,711 - legal_document_generator - INFO - Document generation complete
2025-03-17 19:39:01,765 - legal_document_generator - INFO - Starting legal document generation
2025-03-17 19:39:01,766 - legal_document_generator - INFO - Loading data from processed_data
2025-03-17 19:39:01,767 - legal_document_generator - INFO - Found 109 parquet files
2025-03-17 19:39:03,836 - legal_document_generator - INFO - Loaded 541700 rows from 109 files
2025-03-17 19:39:04,004 - legal_document_generator - INFO - Removed 91058 blank rows, 450642 rows remaining
2025-03-17 19:39:04,101 - legal_document_generator - INFO - Found 432191 unique document IDs
2025-03-17 19:39:04,101 - legal_document_generator - INFO - Creating document hierarchy
2025-03-17 19:40:32,638 - legal_document_generator - INFO - Analyzing document relationships
2025-03-17 21:31:43,545 - legal_document_generator - INFO - Starting legal document generation
2025-03-17 21:31:43,545 - legal_document_generator - INFO - Loading data from processed_data
2025-03-17 21:31:43,547 - legal_document_generator - INFO - Loading 10 parquet files
2025-03-17 21:31:43,804 - legal_document_generator - INFO - Loaded 41546 valid rows from 10 files
2025-03-17 21:31:43,822 - legal_document_generator - INFO - Sampled 200 document IDs for processing
2025-03-17 21:31:43,822 - legal_document_generator - INFO - Extracting document structure
2025-03-17 21:31:43,946 - legal_document_generator - INFO - Extracted structure for 200 documents
2025-03-17 21:31:43,946 - legal_document_generator - INFO - Identifying document relationships
2025-03-17 21:31:43,955 - legal_document_generator - INFO - Identified 0 documents in hierarchical relationships
2025-03-17 21:31:43,955 - legal_document_generator - INFO - Generating document tree
2025-03-17 21:31:43,955 - legal_document_generator - INFO - Found 200 root documents
2025-03-17 21:31:43,956 - legal_document_generator - INFO - Exporting documents to generated_documents
2025-03-17 21:31:44,002 - legal_document_generator - INFO - Successfully exported 200 root documents with their hierarchies
2025-03-17 21:31:44,002 - legal_document_generator - INFO - Export statistics: {'total_rows': 50000, 'documents_processed': 200, 'hierarchical_documents': 0, 'standalone_documents': 200}
2025-03-17 21:31:44,003 - legal_document_generator - INFO - Document generation completed successfully
2025-03-17 21:31:44,003 - legal_document_generator - INFO - Document generation process completed
2025-03-17 21:32:25,805 - legal_document_generator - INFO - Starting legal document generation
2025-03-17 21:32:25,805 - legal_document_generator - INFO - Loading data from processed_data
2025-03-17 21:32:25,807 - legal_document_generator - INFO - Loading 109 parquet files
2025-03-17 21:32:28,093 - legal_document_generator - INFO - Loaded 450642 valid rows from 109 files
2025-03-17 21:32:28,120 - legal_document_generator - INFO - Extracting document structure
2025-03-17 21:36:26,184 - legal_document_generator - INFO - Extracted structure for 432191 documents
2025-03-17 21:36:26,206 - legal_document_generator - INFO - Identifying document relationships
2025-03-18 01:00:23,495 - legal_document_generator - INFO - Identified 382538 documents in hierarchical relationships
2025-03-18 01:00:23,515 - legal_document_generator - INFO - Generating document tree
2025-03-18 01:00:23,611 - legal_document_generator - INFO - Found 55509 root documents
2025-03-18 01:00:24,718 - legal_document_generator - INFO - Exporting documents to generated_documents
2025-03-18 01:01:41,376 - legal_document_generator - INFO - Successfully exported 55509 root documents with their hierarchies
2025-03-18 01:01:41,376 - legal_document_generator - INFO - Export statistics: {'total_rows': 541700, 'documents_processed': 432191, 'hierarchical_documents': 382538, 'standalone_documents': 49653}
2025-03-18 01:01:41,431 - legal_document_generator - INFO - Document generation completed successfully
2025-03-18 01:01:41,799 - legal_document_generator - INFO - Document generation process completed
